
Starting report Monthly_Salary_and_OT_Bangla [Mon May 04 15:49:33 2009] ...
End report Monthly_Salary_and_OT_Bangla [Mon May 04 15:50:28 2009].

Starting report Monthly_Salary_and_OT_Bangla [Mon May 04 16:07:45 2009] ...
End report Monthly_Salary_and_OT_Bangla [Mon May 04 16:07:47 2009].

Starting report Monthly_Salary_and_OT_Bangla [Mon May 04 16:09:24 2009] ...
End report Monthly_Salary_and_OT_Bangla [Mon May 04 16:09:25 2009].

Starting report Monthly_Tiffin_Bangla [Mon May 04 16:11:50 2009] ...
End report Monthly_Tiffin_Bangla [Mon May 04 16:11:53 2009].

Starting report Monthly_Tiffin_Bangla [Mon May 04 16:12:02 2009] ...
End report Monthly_Tiffin_Bangla [Mon May 04 16:12:29 2009].

Starting report Monthly_Tiffin_Bangla [Mon May 04 16:12:36 2009] ...
End report Monthly_Tiffin_Bangla [Mon May 04 16:12:42 2009].

Starting report Monthly_Tiffin_Bangla [Mon May 04 16:12:58 2009] ...
End report Monthly_Tiffin_Bangla [Mon May 04 16:13:00 2009].

Starting report Monthly_Salary_and_OT_Bangla [Mon May 04 16:13:04 2009] ...
End report Monthly_Salary_and_OT_Bangla [Mon May 04 16:13:08 2009].

Starting report Monthly_Tiffin_Bangla [Mon May 04 16:18:22 2009] ...
End report Monthly_Tiffin_Bangla [Mon May 04 16:18:24 2009].

Starting report Monthly_Tiffin_Bangla [Mon May 04 16:18:27 2009] ...
End report Monthly_Tiffin_Bangla [Mon May 04 16:18:50 2009].

Starting report Monthly_Tiffin_Bangla [Mon May 04 16:19:55 2009] ...
End report Monthly_Tiffin_Bangla [Mon May 04 16:19:58 2009].

Starting report Monthly_Tiffin_Bangla [Mon May 04 16:20:00 2009] ...
End report Monthly_Tiffin_Bangla [Mon May 04 16:20:13 2009].

Starting report Salary_Summary_Details [Mon May 04 16:20:39 2009] ...
End report Salary_Summary_Details [Mon May 04 16:22:10 2009].

Starting report Monthly_Salary_OT_Comparetive [Mon May 04 16:22:34 2009] ...
End report Monthly_Salary_OT_Comparetive [Mon May 04 16:23:01 2009].

Starting report Monthly_Salary [Mon May 04 16:23:30 2009] ...
End report Monthly_Salary [Mon May 04 16:26:17 2009].

Starting report Monthly_OT_Amount [Mon May 04 16:26:31 2009] ...
End report Monthly_OT_Amount [Mon May 04 16:27:57 2009].

Starting report Monthly_Salary_and_OT [Mon May 04 16:28:16 2009] ...
End report Monthly_Salary_and_OT [Mon May 04 16:37:27 2009].

Starting report Company_Wise_Salary_Summary [Mon May 04 16:37:29 2009] ...
End report Company_Wise_Salary_Summary [Mon May 04 16:38:05 2009].

Starting report Monthly_Holiday_Cuttof [Mon May 04 16:38:52 2009] ...
End report Monthly_Holiday_Cuttof [Mon May 04 16:38:55 2009].

Starting report Monthly_Salary_and_OT_Resign [Mon May 04 16:40:26 2009] ...
End report Monthly_Salary_and_OT_Resign [Mon May 04 16:40:29 2009].
